<?xml version="1.0" encoding="UTF-8"?>
<!-- Generated by org.testng.reporters.JUnitReportReporter -->
<testsuite hostname="aitslpt-SarojP" failures="0" tests="6" name="api.test.DDTests" time="11.668" errors="0" timestamp="2023-07-21T10:51:48 NPT" skipped="0">
  <testcase classname="api.test.DDTests" name="testPostUser" time="1.388"/>
  <system-out/>
  <testcase classname="api.test.DDTests" name="testPostUser" time="2.850"/>
  <system-out/>
  <testcase classname="api.test.DDTests" name="testPostUser" time="1.557"/>
  <system-out/>
  <testcase classname="api.test.DDTests" name="testDeleteUserByName" time="1.914"/>
  <system-out/>
  <testcase classname="api.test.DDTests" name="testDeleteUserByName" time="1.487"/>
  <system-out/>
  <testcase classname="api.test.DDTests" name="testDeleteUserByName" time="2.472"/>
  <system-out/>
</testsuite> <!-- api.test.DDTests -->
