<?xml version="1.0" encoding="UTF-8"?>
<!-- Generated by org.testng.reporters.JUnitReportReporter -->
<testsuite hostname="aitslpt-SarojP" failures="0" tests="4" name="api.test.UserTests" time="9.192" errors="0" timestamp="2023-07-24T07:44:27 NPT" skipped="0">
  <testcase classname="api.test.UserTests" name="testPostUser" time="3.082"/>
  <system-out/>
  <testcase classname="api.test.UserTests" name="testGetUserByName" time="1.476"/>
  <system-out/>
  <testcase classname="api.test.UserTests" name="testUpdateUserByName" time="3.119"/>
  <system-out/>
  <testcase classname="api.test.UserTests" name="testDeleteUserByName" time="1.515"/>
  <system-out/>
</testsuite> <!-- api.test.UserTests -->
